? gates.iml
? gates-batch/gates-batch.iml
? gates-bk/gates-bk.iml
? gates-bk/gates-bk-service/bookingFacts.jar
? gates-bk/gates-bk-service/gates-bk-service.iml
? gates-bk/gates-bk-service-client/gates-bk-service-client.iml
? gates-bl/gates-bl.iml
? gates-bl/gates-bl-service/billingFacts.jar
? gates-bl/gates-bl-service/gates-bl-service.iml
? gates-bl/gates-bl-service-client/gates-bl-service-client.iml
? gates-common/gates-common.iml
? gates-common/gc.log
? gates-common-parent/gates-common-parent.iml
? gates-cp/gates-cp.iml
? gates-cp/gates-cp-service/gates-cp-service.iml
? gates-cp/gates-cp-service-client/gates-cp-service-client.iml
? gates-edi/gates-edi.iml
? gates-integration/gates-integration.iml
? gates-integration/gates-integration-core/gates-integration-core.iml
? gates-integration/gates-integration-engine/gates-integration-engine.iml
? gates-integration/gates-integration-pipelines/gates-integration-pipelines.iml
? gates-interactive-app/gates-interactive-app.iml
? gates-interactive-web/gates-interactive-web.iml
? gates-interactive-web/gc.log
? gates-interactive-web/src/test/java/test/GenerateConfXMLTest.java
? gates-interactive-web/src/test/resources/spring
? gates-qt/gates-qt.iml
? gates-qt/gates-qt-service/gates-qt-service.iml
? gates-qt/gates-qt-service/quoteFacts.jar
? gates-qt/gates-qt-service-client/gates-qt-service-client.iml
? gates-re/gates-re.iml
? gates-re/gates-re-service/gates-re-service.iml
? gates-re/gates-re-service-client/gates-re-service-client.iml
? gates-service-app/gates-service-app.iml
? gates-service-parent/gates-service-parent.iml
? gates-service-web/gates-service-web.iml
? gates-sp/gates-sp.iml
? gates-sp/gates-sp-service/dispatchFacts.jar
? gates-sp/gates-sp-service/gates-sp-service.iml
? gates-sp/gates-sp-service-client/gates-sp-service-client.iml
? gates-tm/gates-tm.iml
? gates-tm/gates-tm-service/gates-tm-service.iml
? gates-tm/gates-tm-service-client/gates-tm-service-client.iml
? gatesWebService/gatesWebService.iml
? gatesWebService/gc.log
P gates-batch/src/main/java/com/matson/gates/batch/datawarehouse/wme32wk/CustomSqlRowSet.java
P gates-batch/src/main/java/com/matson/gates/batch/rds/mars/DeleteFCKLDataTasklet.java
P gates-batch/src/main/java/com/matson/gates/edi/batch/dao/EDI301APMTExtractDAOImpl.java
P gates-batch/src/main/java/com/matson/gates/edi/batch/dto/EDIEventsDTO.java
P gates-batch/src/main/java/com/matson/gates/edi/batch/service/EDI301APMTExtractServiceImpl.java
M gates-bk/gates-bk-service/pom.xml
P gates-bk/gates-bk-service/src/main/java/com/matson/gates/bk/edi/service/EDIShipmentRequestServiceImpl.java
M gates-bk/gates-bk-service/src/main/java/com/matson/gates/bk/rating/service/BookingRatingServiceImpl.java
U gates-bk/gates-bk-service/src/main/java/com/matson/gates/bk/unitvariance/service/ContainerMaintenanceServiceImpl.java
U gates-bl/gates-bl-service/src/main/java/com/matson/gates/bl/custpaper/service/CustomerPaperServiceImpl.java
P gates-bl/gates-bl-service/src/main/java/com/matson/gates/bl/dao/FreightCorrectionKeyLogDAO.java
P gates-bl/gates-bl-service/src/main/java/com/matson/gates/bl/dao/FreightCorrectionKeyLogDAOHibernateImpl.java
P gates-bl/gates-bl-service/src/main/java/com/matson/gates/bl/facade/BillSetupFacadeHelper.java
P gates-bl/gates-bl-service/src/main/java/com/matson/gates/bl/facade/ShipmentTransformerParams.java
P gates-bl/gates-bl-service/src/main/java/com/matson/gates/bl/gb/service/BillManagerHoldCreatePoint.java
P gates-bl/gates-bl-service/src/main/java/com/matson/gates/rds/sendrdsdatatocmis/service/RDSCMISHelper.java
M gates-bl/gates-bl-service/src/main/resources/com/matson/gates/bl/template/new_invoice_summary_template_keiko.xlsx
P gates-bl/gates-bl-service-client/src/main/java/com/matson/gates/bl/dto/RateEngineInputDTO.java
P gates-common/src/main/java/com/matson/gates/cas/dao/CasDaoJNDIImpl.java
P gates-common/src/main/java/com/matson/gates/cas/dao/CasGroup.java
P gates-common/src/main/java/com/matson/gates/comments/dao/GatesCommentDAO.java
U gates-common/src/main/java/com/matson/gates/comments/dao/GatesCommentDAOImpl.java
P gates-common/src/main/java/com/matson/gates/rules/common/EvaluationPoint.java
P gates-common/src/main/java/com/matson/gates/rules/dao/AlertHistoryDAO.java
P gates-common/src/main/java/com/matson/gates/rules/dao/AlertHistoryDAOHibernateImpl.java
U gates-common/src/main/java/com/matson/gates/rules/domain/AlertHistory.java
P gates-cp/gates-cp-service-client/src/main/java/com/matson/gates/cp/addressrole/dto/PartyFactObjectDTO.java
M gates-interactive-web/pom.xml
M gates-interactive-web/src/main/java/com/matson/gates/bl/web/form/BillLadingPayableForm.java
M gates-interactive-web/src/main/java/com/matson/gates/bl/web/helper/BillLadingPayableViewHelper.java
M gates-interactive-web/src/main/java/com/matson/gates/wro/web/taglib/ScriptTagHandler.java
M gates-interactive-web/src/main/webapp/WEB-INF/jsp/billstatus/blLadingPayable.jsp
P gates-interactive-web/src/main/webapp/WEB-INF/jsp/bl/fp/maintainManualEntry.jsp
P gates-interactive-web/src/main/webapp/WEB-INF/templates/booking.jsp
P gates-interactive-web/src/main/webapp/cas/rateLookup.jsp
U gates-interactive-web/src/main/webapp/resources/css/booking.css
U gates-interactive-web/src/main/webapp/resources/js/bl/commodity/maintainContainerCommodity.js
U gates-interactive-web/src/main/webapp/resources/js/bl/houseHoldShipment/commodityHHGS.js
U gates-interactive-web/src/main/webapp/resources/js/bl/houseHoldShipment/shipmentHHGS.js
U gates-interactive-web/src/main/webapp/resources/js/booking/booking_load.js
U gates-interactive-web/src/main/webapp/resources/js/reports/report_alfresco.js
U gates-interactive-web/src/main/webapp/resources/js/rules/placeholders.js
U gates-interactive-web/src/main/webapp/resources/js/sp/create_update_dispatch_detail.js
P gates-sp/gates-sp-service/src/main/java/com/matson/gates/sp/rules/factobject/Location.java
