[WARNING] 
[WARNING] Some problems were encountered while building the effective settings
[WARNING] Unrecognised tag: 'plugin' (position: START_TAG seen ...</plugin-->\n\t\t\t\t<plugin>... @265:13)  @ C:\softwares\apache-maven-3.3.3\conf\settings.xml, line 265, column 13
[WARNING] 
[INFO] Scanning for projects...
[WARNING] 
[WARNING] Some problems were encountered while building the effective model for com.matson.gates:gates-common-parent:pom:04.86.0-SNAPSHOT
[WARNING] 'dependencies.dependency.(groupId:artifactId:type:classifier)' must be unique: javax.transaction:jta:jar -> duplicate declaration of version (?) @ line 318, column 15
[WARNING] 'dependencyManagement.dependencies.dependency.(groupId:artifactId:type:classifier)' must be unique: javax.transaction:jta:jar -> duplicate declaration of version ${jta-version} @ com.matson.gates:gates:04.86.0-SNAPSHOT, C:\dev_workspace\gates_fresh\source\gates\pom.xml, line 701, column 16
[WARNING] 'build.plugins.plugin.version' for org.apache.maven.plugins:maven-surefire-plugin is missing. @ line 492, column 12
[WARNING] 
[WARNING] Some problems were encountered while building the effective model for com.matson.gates:gates-common:jar:04.86.0-SNAPSHOT
[WARNING] 'dependencies.dependency.(groupId:artifactId:type:classifier)' must be unique: org.codehaus.jackson:jackson-mapper-asl:jar -> duplicate declaration of version 1.7.1 @ line 115, column 15
[WARNING] 'dependencies.dependency.(groupId:artifactId:type:classifier)' must be unique: javax.transaction:jta:jar -> duplicate declaration of version (?) @ com.matson.gates:gates-common-parent:04.86.0-SNAPSHOT, C:\dev_workspace\gates_fresh\source\gates\gates-common-parent\pom.xml, line 318, column 15
[WARNING] 'dependencyManagement.dependencies.dependency.(groupId:artifactId:type:classifier)' must be unique: javax.transaction:jta:jar -> duplicate declaration of version ${jta-version} @ com.matson.gates:gates:04.86.0-SNAPSHOT, C:\dev_workspace\gates_fresh\source\gates\pom.xml, line 701, column 16
[WARNING] 'build.plugins.plugin.version' for org.apache.maven.plugins:maven-surefire-plugin is missing. @ com.matson.gates:gates-common-parent:04.86.0-SNAPSHOT, C:\dev_workspace\gates_fresh\source\gates\gates-common-parent\pom.xml, line 492, column 12
[WARNING] 
[WARNING] Some problems were encountered while building the effective model for com.matson.gates:gates-edi:jar:04.86.0-SNAPSHOT
[WARNING] 'dependencyManagement.dependencies.dependency.(groupId:artifactId:type:classifier)' must be unique: javax.transaction:jta:jar -> duplicate declaration of version ${jta-version} @ com.matson.gates:gates:04.86.0-SNAPSHOT, C:\dev_workspace\gates_fresh\source\gates\pom.xml, line 701, column 16
[WARNING] 'build.plugins.plugin.version' for org.apache.maven.plugins:maven-surefire-plugin is missing. @ com.matson.gates:gates:04.86.0-SNAPSHOT, C:\dev_workspace\gates_fresh\source\gates\pom.xml, line 972, column 12
[WARNING] 
[WARNING] Some problems were encountered while building the effective model for com.matson.gates:gates-cp-service-client:jar:04.86.0-SNAPSHOT
[WARNING] 'dependencies.dependency.(groupId:artifactId:type:classifier)' must be unique: javax.transaction:jta:jar -> duplicate declaration of version (?) @ com.matson.gates:gates-common-parent:04.86.0-SNAPSHOT, C:\dev_workspace\gates_fresh\source\gates\gates-common-parent\pom.xml, line 318, column 15
[WARNING] 'dependencyManagement.dependencies.dependency.(groupId:artifactId:type:classifier)' must be unique: javax.transaction:jta:jar -> duplicate declaration of version ${jta-version} @ com.matson.gates:gates:04.86.0-SNAPSHOT, C:\dev_workspace\gates_fresh\source\gates\pom.xml, line 701, column 16
[WARNING] 'build.plugins.plugin.version' for org.apache.maven.plugins:maven-surefire-plugin is missing. @ com.matson.gates:gates-common-parent:04.86.0-SNAPSHOT, C:\dev_workspace\gates_fresh\source\gates\gates-common-parent\pom.xml, line 492, column 12
[WARNING] 
[WARNING] Some problems were encountered while building the effective model for com.matson.gates:gates-cp-service:jar:04.86.0-SNAPSHOT
[WARNING] 'dependencies.dependency.(groupId:artifactId:type:classifier)' must be unique: javax.transaction:jta:jar -> duplicate declaration of version (?) @ com.matson.gates:gates-common-parent:04.86.0-SNAPSHOT, C:\dev_workspace\gates_fresh\source\gates\gates-common-parent\pom.xml, line 318, column 15
[WARNING] 'dependencyManagement.dependencies.dependency.(groupId:artifactId:type:classifier)' must be unique: javax.transaction:jta:jar -> duplicate declaration of version ${jta-version} @ com.matson.gates:gates:04.86.0-SNAPSHOT, C:\dev_workspace\gates_fresh\source\gates\pom.xml, line 701, column 16
[WARNING] 'build.plugins.plugin.version' for org.apache.maven.plugins:maven-surefire-plugin is missing. @ com.matson.gates:gates-common-parent:04.86.0-SNAPSHOT, C:\dev_workspace\gates_fresh\source\gates\gates-common-parent\pom.xml, line 492, column 12
[WARNING] 
[WARNING] Some problems were encountered while building the effective model for com.matson.gates:gates-cp:pom:04.86.0-SNAPSHOT
[WARNING] 'dependencies.dependency.(groupId:artifactId:type:classifier)' must be unique: javax.transaction:jta:jar -> duplicate declaration of version (?) @ com.matson.gates:gates-common-parent:04.86.0-SNAPSHOT, C:\dev_workspace\gates_fresh\source\gates\gates-common-parent\pom.xml, line 318, column 15
[WARNING] 'dependencyManagement.dependencies.dependency.(groupId:artifactId:type:classifier)' must be unique: javax.transaction:jta:jar -> duplicate declaration of version ${jta-version} @ com.matson.gates:gates:04.86.0-SNAPSHOT, C:\dev_workspace\gates_fresh\source\gates\pom.xml, line 701, column 16
[WARNING] 'build.plugins.plugin.version' for org.apache.maven.plugins:maven-surefire-plugin is missing. @ com.matson.gates:gates-common-parent:04.86.0-SNAPSHOT, C:\dev_workspace\gates_fresh\source\gates\gates-common-parent\pom.xml, line 492, column 12
[WARNING] 
[WARNING] Some problems were encountered while building the effective model for com.matson.gates:gates-tm-service-client:jar:04.86.0-SNAPSHOT
[WARNING] 'dependencies.dependency.(groupId:artifactId:type:classifier)' must be unique: javax.transaction:jta:jar -> duplicate declaration of version (?) @ com.matson.gates:gates-common-parent:04.86.0-SNAPSHOT, C:\dev_workspace\gates_fresh\source\gates\gates-common-parent\pom.xml, line 318, column 15
[WARNING] 'dependencyManagement.dependencies.dependency.(groupId:artifactId:type:classifier)' must be unique: javax.transaction:jta:jar -> duplicate declaration of version ${jta-version} @ com.matson.gates:gates:04.86.0-SNAPSHOT, C:\dev_workspace\gates_fresh\source\gates\pom.xml, line 701, column 16
[WARNING] 'build.plugins.plugin.version' for org.apache.maven.plugins:maven-surefire-plugin is missing. @ com.matson.gates:gates-common-parent:04.86.0-SNAPSHOT, C:\dev_workspace\gates_fresh\source\gates\gates-common-parent\pom.xml, line 492, column 12
[WARNING] 
[WARNING] Some problems were encountered while building the effective model for com.matson.gates:gates-tm-service:jar:04.86.0-SNAPSHOT
[WARNING] 'dependencies.dependency.(groupId:artifactId:type:classifier)' must be unique: javax.transaction:jta:jar -> duplicate declaration of version (?) @ com.matson.gates:gates-common-parent:04.86.0-SNAPSHOT, C:\dev_workspace\gates_fresh\source\gates\gates-common-parent\pom.xml, line 318, column 15
[WARNING] 'dependencyManagement.dependencies.dependency.(groupId:artifactId:type:classifier)' must be unique: javax.transaction:jta:jar -> duplicate declaration of version ${jta-version} @ com.matson.gates:gates:04.86.0-SNAPSHOT, C:\dev_workspace\gates_fresh\source\gates\pom.xml, line 701, column 16
[WARNING] 'build.plugins.plugin.version' for org.apache.maven.plugins:maven-surefire-plugin is missing. @ com.matson.gates:gates-common-parent:04.86.0-SNAPSHOT, C:\dev_workspace\gates_fresh\source\gates\gates-common-parent\pom.xml, line 492, column 12
[WARNING] 
[WARNING] Some problems were encountered while building the effective model for com.matson.gates:gates-tm:pom:04.86.0-SNAPSHOT
[WARNING] 'dependencies.dependency.(groupId:artifactId:type:classifier)' must be unique: javax.transaction:jta:jar -> duplicate declaration of version (?) @ com.matson.gates:gates-common-parent:04.86.0-SNAPSHOT, C:\dev_workspace\gates_fresh\source\gates\gates-common-parent\pom.xml, line 318, column 15
[WARNING] 'dependencyManagement.dependencies.dependency.(groupId:artifactId:type:classifier)' must be unique: javax.transaction:jta:jar -> duplicate declaration of version ${jta-version} @ com.matson.gates:gates:04.86.0-SNAPSHOT, C:\dev_workspace\gates_fresh\source\gates\pom.xml, line 701, column 16
[WARNING] 'build.plugins.plugin.version' for org.apache.maven.plugins:maven-surefire-plugin is missing. @ com.matson.gates:gates-common-parent:04.86.0-SNAPSHOT, C:\dev_workspace\gates_fresh\source\gates\gates-common-parent\pom.xml, line 492, column 12
[WARNING] 
[WARNING] Some problems were encountered while building the effective model for com.matson.gates:gates-qt-service-client:jar:04.86.0-SNAPSHOT
[WARNING] 'dependencies.dependency.(groupId:artifactId:type:classifier)' must be unique: javax.transaction:jta:jar -> duplicate declaration of version (?) @ com.matson.gates:gates-common-parent:04.86.0-SNAPSHOT, C:\dev_workspace\gates_fresh\source\gates\gates-common-parent\pom.xml, line 318, column 15
[WARNING] 'dependencyManagement.dependencies.dependency.(groupId:artifactId:type:classifier)' must be unique: javax.transaction:jta:jar -> duplicate declaration of version ${jta-version} @ com.matson.gates:gates:04.86.0-SNAPSHOT, C:\dev_workspace\gates_fresh\source\gates\pom.xml, line 701, column 16
[WARNING] 'build.plugins.plugin.version' for org.apache.maven.plugins:maven-surefire-plugin is missing. @ com.matson.gates:gates-common-parent:04.86.0-SNAPSHOT, C:\dev_workspace\gates_fresh\source\gates\gates-common-parent\pom.xml, line 492, column 12
[WARNING] 
[WARNING] Some problems were encountered while building the effective model for com.matson.gates:gates-qt-service:jar:04.86.0-SNAPSHOT
[WARNING] 'dependencies.dependency.(groupId:artifactId:type:classifier)' must be unique: javax.transaction:jta:jar -> duplicate declaration of version (?) @ com.matson.gates:gates-common-parent:04.86.0-SNAPSHOT, C:\dev_workspace\gates_fresh\source\gates\gates-common-parent\pom.xml, line 318, column 15
[WARNING] 'dependencyManagement.dependencies.dependency.(groupId:artifactId:type:classifier)' must be unique: javax.transaction:jta:jar -> duplicate declaration of version ${jta-version} @ com.matson.gates:gates:04.86.0-SNAPSHOT, C:\dev_workspace\gates_fresh\source\gates\pom.xml, line 701, column 16
[WARNING] 'build.plugins.plugin.version' for org.apache.maven.plugins:maven-surefire-plugin is missing. @ com.matson.gates:gates-common-parent:04.86.0-SNAPSHOT, C:\dev_workspace\gates_fresh\source\gates\gates-common-parent\pom.xml, line 492, column 12
[WARNING] 
[WARNING] Some problems were encountered while building the effective model for com.matson.gates:gates-qt:pom:04.86.0-SNAPSHOT
[WARNING] 'dependencies.dependency.(groupId:artifactId:type:classifier)' must be unique: javax.transaction:jta:jar -> duplicate declaration of version (?) @ com.matson.gates:gates-common-parent:04.86.0-SNAPSHOT, C:\dev_workspace\gates_fresh\source\gates\gates-common-parent\pom.xml, line 318, column 15
[WARNING] 'dependencyManagement.dependencies.dependency.(groupId:artifactId:type:classifier)' must be unique: javax.transaction:jta:jar -> duplicate declaration of version ${jta-version} @ com.matson.gates:gates:04.86.0-SNAPSHOT, C:\dev_workspace\gates_fresh\source\gates\pom.xml, line 701, column 16
[WARNING] 'build.plugins.plugin.version' for org.apache.maven.plugins:maven-surefire-plugin is missing. @ com.matson.gates:gates-common-parent:04.86.0-SNAPSHOT, C:\dev_workspace\gates_fresh\source\gates\gates-common-parent\pom.xml, line 492, column 12
[WARNING] 
[WARNING] Some problems were encountered while building the effective model for com.matson.gates:gates-bk-service-client:jar:04.86.0-SNAPSHOT
[WARNING] 'dependencies.dependency.(groupId:artifactId:type:classifier)' must be unique: javax.transaction:jta:jar -> duplicate declaration of version (?) @ com.matson.gates:gates-common-parent:04.86.0-SNAPSHOT, C:\dev_workspace\gates_fresh\source\gates\gates-common-parent\pom.xml, line 318, column 15
[WARNING] 'dependencyManagement.dependencies.dependency.(groupId:artifactId:type:classifier)' must be unique: javax.transaction:jta:jar -> duplicate declaration of version ${jta-version} @ com.matson.gates:gates:04.86.0-SNAPSHOT, C:\dev_workspace\gates_fresh\source\gates\pom.xml, line 701, column 16
[WARNING] 'build.plugins.plugin.version' for org.apache.maven.plugins:maven-surefire-plugin is missing. @ com.matson.gates:gates-common-parent:04.86.0-SNAPSHOT, C:\dev_workspace\gates_fresh\source\gates\gates-common-parent\pom.xml, line 492, column 12
[WARNING] 
[WARNING] Some problems were encountered while building the effective model for com.matson.gates:gates-bk-service:jar:04.86.0-SNAPSHOT
[WARNING] 'dependencies.dependency.(groupId:artifactId:type:classifier)' must be unique: javax.transaction:jta:jar -> duplicate declaration of version (?) @ com.matson.gates:gates-common-parent:04.86.0-SNAPSHOT, C:\dev_workspace\gates_fresh\source\gates\gates-common-parent\pom.xml, line 318, column 15
[WARNING] 'dependencyManagement.dependencies.dependency.(groupId:artifactId:type:classifier)' must be unique: javax.transaction:jta:jar -> duplicate declaration of version ${jta-version} @ com.matson.gates:gates:04.86.0-SNAPSHOT, C:\dev_workspace\gates_fresh\source\gates\pom.xml, line 701, column 16
[WARNING] 'build.plugins.plugin.version' for org.apache.maven.plugins:maven-surefire-plugin is missing. @ com.matson.gates:gates-common-parent:04.86.0-SNAPSHOT, C:\dev_workspace\gates_fresh\source\gates\gates-common-parent\pom.xml, line 492, column 12
[WARNING] 
[WARNING] Some problems were encountered while building the effective model for com.matson.gates:gates-bk:pom:04.86.0-SNAPSHOT
[WARNING] 'dependencies.dependency.(groupId:artifactId:type:classifier)' must be unique: javax.transaction:jta:jar -> duplicate declaration of version (?) @ com.matson.gates:gates-common-parent:04.86.0-SNAPSHOT, C:\dev_workspace\gates_fresh\source\gates\gates-common-parent\pom.xml, line 318, column 15
[WARNING] 'dependencyManagement.dependencies.dependency.(groupId:artifactId:type:classifier)' must be unique: javax.transaction:jta:jar -> duplicate declaration of version ${jta-version} @ com.matson.gates:gates:04.86.0-SNAPSHOT, C:\dev_workspace\gates_fresh\source\gates\pom.xml, line 701, column 16
[WARNING] 'build.plugins.plugin.version' for org.apache.maven.plugins:maven-surefire-plugin is missing. @ com.matson.gates:gates-common-parent:04.86.0-SNAPSHOT, C:\dev_workspace\gates_fresh\source\gates\gates-common-parent\pom.xml, line 492, column 12
[WARNING] 
[WARNING] Some problems were encountered while building the effective model for com.matson.gates:gates-re-service:jar:04.86.0-SNAPSHOT
[WARNING] 'dependencies.dependency.(groupId:artifactId:type:classifier)' must be unique: javax.transaction:jta:jar -> duplicate declaration of version (?) @ com.matson.gates:gates-common-parent:04.86.0-SNAPSHOT, C:\dev_workspace\gates_fresh\source\gates\gates-common-parent\pom.xml, line 318, column 15
[WARNING] 'dependencyManagement.dependencies.dependency.(groupId:artifactId:type:classifier)' must be unique: javax.transaction:jta:jar -> duplicate declaration of version ${jta-version} @ com.matson.gates:gates:04.86.0-SNAPSHOT, C:\dev_workspace\gates_fresh\source\gates\pom.xml, line 701, column 16
[WARNING] 'build.plugins.plugin.version' for org.apache.maven.plugins:maven-surefire-plugin is missing. @ com.matson.gates:gates-common-parent:04.86.0-SNAPSHOT, C:\dev_workspace\gates_fresh\source\gates\gates-common-parent\pom.xml, line 492, column 12
[WARNING] 
[WARNING] Some problems were encountered while building the effective model for com.matson.gates:gates-re-service-client:jar:04.86.0-SNAPSHOT
[WARNING] 'dependencies.dependency.(groupId:artifactId:type:classifier)' must be unique: javax.transaction:jta:jar -> duplicate declaration of version (?) @ com.matson.gates:gates-common-parent:04.86.0-SNAPSHOT, C:\dev_workspace\gates_fresh\source\gates\gates-common-parent\pom.xml, line 318, column 15
[WARNING] 'dependencyManagement.dependencies.dependency.(groupId:artifactId:type:classifier)' must be unique: javax.transaction:jta:jar -> duplicate declaration of version ${jta-version} @ com.matson.gates:gates:04.86.0-SNAPSHOT, C:\dev_workspace\gates_fresh\source\gates\pom.xml, line 701, column 16
[WARNING] 'build.plugins.plugin.version' for org.apache.maven.plugins:maven-surefire-plugin is missing. @ com.matson.gates:gates-common-parent:04.86.0-SNAPSHOT, C:\dev_workspace\gates_fresh\source\gates\gates-common-parent\pom.xml, line 492, column 12
[WARNING] 
[WARNING] Some problems were encountered while building the effective model for com.matson.gates:gates-re:pom:04.86.0-SNAPSHOT
[WARNING] 'dependencies.dependency.(groupId:artifactId:type:classifier)' must be unique: javax.transaction:jta:jar -> duplicate declaration of version (?) @ com.matson.gates:gates-common-parent:04.86.0-SNAPSHOT, C:\dev_workspace\gates_fresh\source\gates\gates-common-parent\pom.xml, line 318, column 15
[WARNING] 'dependencyManagement.dependencies.dependency.(groupId:artifactId:type:classifier)' must be unique: javax.transaction:jta:jar -> duplicate declaration of version ${jta-version} @ com.matson.gates:gates:04.86.0-SNAPSHOT, C:\dev_workspace\gates_fresh\source\gates\pom.xml, line 701, column 16
[WARNING] 'build.plugins.plugin.version' for org.apache.maven.plugins:maven-surefire-plugin is missing. @ com.matson.gates:gates-common-parent:04.86.0-SNAPSHOT, C:\dev_workspace\gates_fresh\source\gates\gates-common-parent\pom.xml, line 492, column 12
[WARNING] 
[WARNING] Some problems were encountered while building the effective model for com.matson.gates.integration:gates-integration-core:jar:04.86.0-SNAPSHOT
[WARNING] 'dependencies.dependency.(groupId:artifactId:type:classifier)' must be unique: javax.transaction:jta:jar -> duplicate declaration of version (?) @ com.matson.gates:gates-common-parent:04.86.0-SNAPSHOT, C:\dev_workspace\gates_fresh\source\gates\gates-common-parent\pom.xml, line 318, column 15
[WARNING] 'dependencyManagement.dependencies.dependency.(groupId:artifactId:type:classifier)' must be unique: javax.transaction:jta:jar -> duplicate declaration of version ${jta-version} @ com.matson.gates:gates:04.86.0-SNAPSHOT, C:\dev_workspace\gates_fresh\source\gates\pom.xml, line 701, column 16
[WARNING] 'build.plugins.plugin.version' for org.apache.maven.plugins:maven-surefire-plugin is missing. @ com.matson.gates:gates-common-parent:04.86.0-SNAPSHOT, C:\dev_workspace\gates_fresh\source\gates\gates-common-parent\pom.xml, line 492, column 12
[WARNING] 
[WARNING] Some problems were encountered while building the effective model for com.matson.gates.integration:gates-integration-engine:jar:04.86.0-SNAPSHOT
[WARNING] 'dependencies.dependency.(groupId:artifactId:type:classifier)' must be unique: javax.transaction:jta:jar -> duplicate declaration of version (?) @ com.matson.gates:gates-common-parent:04.86.0-SNAPSHOT, C:\dev_workspace\gates_fresh\source\gates\gates-common-parent\pom.xml, line 318, column 15
[WARNING] 'dependencyManagement.dependencies.dependency.(groupId:artifactId:type:classifier)' must be unique: javax.transaction:jta:jar -> duplicate declaration of version ${jta-version} @ com.matson.gates:gates:04.86.0-SNAPSHOT, C:\dev_workspace\gates_fresh\source\gates\pom.xml, line 701, column 16
[WARNING] 'build.plugins.plugin.version' for org.apache.maven.plugins:maven-surefire-plugin is missing. @ com.matson.gates:gates-common-parent:04.86.0-SNAPSHOT, C:\dev_workspace\gates_fresh\source\gates\gates-common-parent\pom.xml, line 492, column 12
[WARNING] 
[WARNING] Some problems were encountered while building the effective model for com.matson.gates.integration:gates-integration-pipelines:jar:04.86.0-SNAPSHOT
[WARNING] 'dependencies.dependency.(groupId:artifactId:type:classifier)' must be unique: javax.transaction:jta:jar -> duplicate declaration of version (?) @ com.matson.gates:gates-common-parent:04.86.0-SNAPSHOT, C:\dev_workspace\gates_fresh\source\gates\gates-common-parent\pom.xml, line 318, column 15
[WARNING] 'dependencyManagement.dependencies.dependency.(groupId:artifactId:type:classifier)' must be unique: javax.transaction:jta:jar -> duplicate declaration of version ${jta-version} @ com.matson.gates:gates:04.86.0-SNAPSHOT, C:\dev_workspace\gates_fresh\source\gates\pom.xml, line 701, column 16
[WARNING] 'build.plugins.plugin.version' for org.apache.maven.plugins:maven-surefire-plugin is missing. @ com.matson.gates:gates-common-parent:04.86.0-SNAPSHOT, C:\dev_workspace\gates_fresh\source\gates\gates-common-parent\pom.xml, line 492, column 12
[WARNING] 
[WARNING] Some problems were encountered while building the effective model for com.matson.gates.integration:gates-integration:pom:04.86.0-SNAPSHOT
[WARNING] 'dependencies.dependency.(groupId:artifactId:type:classifier)' must be unique: javax.transaction:jta:jar -> duplicate declaration of version (?) @ com.matson.gates:gates-common-parent:04.86.0-SNAPSHOT, C:\dev_workspace\gates_fresh\source\gates\gates-common-parent\pom.xml, line 318, column 15
[WARNING] 'dependencyManagement.dependencies.dependency.(groupId:artifactId:type:classifier)' must be unique: javax.transaction:jta:jar -> duplicate declaration of version ${jta-version} @ com.matson.gates:gates:04.86.0-SNAPSHOT, C:\dev_workspace\gates_fresh\source\gates\pom.xml, line 701, column 16
[WARNING] 'build.plugins.plugin.version' for org.apache.maven.plugins:maven-surefire-plugin is missing. @ com.matson.gates:gates-common-parent:04.86.0-SNAPSHOT, C:\dev_workspace\gates_fresh\source\gates\gates-common-parent\pom.xml, line 492, column 12
[WARNING] 
[WARNING] Some problems were encountered while building the effective model for com.matson.gates:gates-interactive-web:war:04.86.0-SNAPSHOT
[WARNING] 'dependencies.dependency.(groupId:artifactId:type:classifier)' must be unique: javax.transaction:jta:jar -> duplicate declaration of version (?) @ com.matson.gates:gates-common-parent:04.86.0-SNAPSHOT, C:\dev_workspace\gates_fresh\source\gates\gates-common-parent\pom.xml, line 318, column 15
[WARNING] 'dependencyManagement.dependencies.dependency.(groupId:artifactId:type:classifier)' must be unique: javax.transaction:jta:jar -> duplicate declaration of version ${jta-version} @ com.matson.gates:gates:04.86.0-SNAPSHOT, C:\dev_workspace\gates_fresh\source\gates\pom.xml, line 701, column 16
[WARNING] 'build.plugins.plugin.version' for org.apache.maven.plugins:maven-surefire-plugin is missing. @ com.matson.gates:gates-common-parent:04.86.0-SNAPSHOT, C:\dev_workspace\gates_fresh\source\gates\gates-common-parent\pom.xml, line 492, column 12
[WARNING] 
[WARNING] Some problems were encountered while building the effective model for com.matson.gates:gates-interactive-app:ear:04.86.0-SNAPSHOT
[WARNING] 'dependencyManagement.dependencies.dependency.(groupId:artifactId:type:classifier)' must be unique: javax.transaction:jta:jar -> duplicate declaration of version ${jta-version} @ com.matson.gates:gates:04.86.0-SNAPSHOT, C:\dev_workspace\gates_fresh\source\gates\pom.xml, line 701, column 16
[WARNING] 'build.plugins.plugin.version' for org.apache.maven.plugins:maven-surefire-plugin is missing. @ com.matson.gates:gates:04.86.0-SNAPSHOT, C:\dev_workspace\gates_fresh\source\gates\pom.xml, line 972, column 12
[WARNING] 
[WARNING] Some problems were encountered while building the effective model for com.matson.gates:gates-service-parent:pom:04.86.0-SNAPSHOT
[WARNING] 'dependencies.dependency.(groupId:artifactId:type:classifier)' must be unique: javax.transaction:jta:jar -> duplicate declaration of version (?) @ com.matson.gates:gates-common-parent:04.86.0-SNAPSHOT, C:\dev_workspace\gates_fresh\source\gates\gates-common-parent\pom.xml, line 318, column 15
[WARNING] 'dependencyManagement.dependencies.dependency.(groupId:artifactId:type:classifier)' must be unique: javax.transaction:jta:jar -> duplicate declaration of version ${jta-version} @ com.matson.gates:gates:04.86.0-SNAPSHOT, C:\dev_workspace\gates_fresh\source\gates\pom.xml, line 701, column 16
[WARNING] 'build.plugins.plugin.version' for org.apache.maven.plugins:maven-surefire-plugin is missing. @ com.matson.gates:gates-common-parent:04.86.0-SNAPSHOT, C:\dev_workspace\gates_fresh\source\gates\gates-common-parent\pom.xml, line 492, column 12
[WARNING] 
[WARNING] Some problems were encountered while building the effective model for com.matson.gates:gates-service-web:war:04.86.0-SNAPSHOT
[WARNING] 'dependencies.dependency.(groupId:artifactId:type:classifier)' must be unique: javax.transaction:jta:jar -> duplicate declaration of version (?) @ com.matson.gates:gates-common-parent:04.86.0-SNAPSHOT, C:\dev_workspace\gates_fresh\source\gates\gates-common-parent\pom.xml, line 318, column 15
[WARNING] 'dependencyManagement.dependencies.dependency.(groupId:artifactId:type:classifier)' must be unique: javax.transaction:jta:jar -> duplicate declaration of version ${jta-version} @ com.matson.gates:gates:04.86.0-SNAPSHOT, C:\dev_workspace\gates_fresh\source\gates\pom.xml, line 701, column 16
[WARNING] 'build.plugins.plugin.version' for org.apache.maven.plugins:maven-surefire-plugin is missing. @ com.matson.gates:gates-common-parent:04.86.0-SNAPSHOT, C:\dev_workspace\gates_fresh\source\gates\gates-common-parent\pom.xml, line 492, column 12
[WARNING] 
[WARNING] Some problems were encountered while building the effective model for com.matson.gates:gatesWebService:war:04.86.0-SNAPSHOT
[WARNING] 'dependencies.dependency.(groupId:artifactId:type:classifier)' must be unique: javax.transaction:jta:jar -> duplicate declaration of version (?) @ com.matson.gates:gates-common-parent:04.86.0-SNAPSHOT, C:\dev_workspace\gates_fresh\source\gates\gates-common-parent\pom.xml, line 318, column 15
[WARNING] 'dependencyManagement.dependencies.dependency.(groupId:artifactId:type:classifier)' must be unique: javax.transaction:jta:jar -> duplicate declaration of version ${jta-version} @ com.matson.gates:gates:04.86.0-SNAPSHOT, C:\dev_workspace\gates_fresh\source\gates\pom.xml, line 701, column 16
[WARNING] 'build.plugins.plugin.version' for org.jvnet.jaxb2.maven2:maven-jaxb2-plugin is missing. @ com.matson.gates:gatesWebService:[unknown-version], C:\dev_workspace\gates_fresh\source\gates\gatesWebService\pom.xml, line 54, column 21
[WARNING] 'build.plugins.plugin.version' for org.apache.maven.plugins:maven-surefire-plugin is missing. @ com.matson.gates:gates-common-parent:04.86.0-SNAPSHOT, C:\dev_workspace\gates_fresh\source\gates\gates-common-parent\pom.xml, line 492, column 12
[WARNING] 
[WARNING] Some problems were encountered while building the effective model for com.matson.gates:gates-service-app:ear:04.86.0-SNAPSHOT
[WARNING] 'dependencyManagement.dependencies.dependency.(groupId:artifactId:type:classifier)' must be unique: javax.transaction:jta:jar -> duplicate declaration of version ${jta-version} @ com.matson.gates:gates:04.86.0-SNAPSHOT, C:\dev_workspace\gates_fresh\source\gates\pom.xml, line 701, column 16
[WARNING] 'build.plugins.plugin.version' for org.apache.maven.plugins:maven-surefire-plugin is missing. @ com.matson.gates:gates:04.86.0-SNAPSHOT, C:\dev_workspace\gates_fresh\source\gates\pom.xml, line 972, column 12
[WARNING] 
[WARNING] Some problems were encountered while building the effective model for com.matson.gates:gates-batch:jar:04.86.0-SNAPSHOT
[WARNING] 'dependencies.dependency.(groupId:artifactId:type:classifier)' must be unique: javax.transaction:jta:jar -> duplicate declaration of version (?) @ com.matson.gates:gates-common-parent:04.86.0-SNAPSHOT, C:\dev_workspace\gates_fresh\source\gates\gates-common-parent\pom.xml, line 318, column 15
[WARNING] 'dependencyManagement.dependencies.dependency.(groupId:artifactId:type:classifier)' must be unique: javax.transaction:jta:jar -> duplicate declaration of version ${jta-version} @ com.matson.gates:gates:04.86.0-SNAPSHOT, C:\dev_workspace\gates_fresh\source\gates\pom.xml, line 701, column 16
[WARNING] 'build.plugins.plugin.version' for org.apache.maven.plugins:maven-surefire-plugin is missing. @ com.matson.gates:gates-common-parent:04.86.0-SNAPSHOT, C:\dev_workspace\gates_fresh\source\gates\gates-common-parent\pom.xml, line 492, column 12
[WARNING] 
[WARNING] Some problems were encountered while building the effective model for com.matson.gates:gates-sp-service:jar:04.86.0-SNAPSHOT
[WARNING] 'dependencies.dependency.(groupId:artifactId:type:classifier)' must be unique: javax.transaction:jta:jar -> duplicate declaration of version (?) @ com.matson.gates:gates-common-parent:04.86.0-SNAPSHOT, C:\dev_workspace\gates_fresh\source\gates\gates-common-parent\pom.xml, line 318, column 15
[WARNING] 'dependencyManagement.dependencies.dependency.(groupId:artifactId:type:classifier)' must be unique: javax.transaction:jta:jar -> duplicate declaration of version ${jta-version} @ com.matson.gates:gates:04.86.0-SNAPSHOT, C:\dev_workspace\gates_fresh\source\gates\pom.xml, line 701, column 16
[WARNING] 'build.plugins.plugin.version' for org.apache.maven.plugins:maven-surefire-plugin is missing. @ com.matson.gates:gates-common-parent:04.86.0-SNAPSHOT, C:\dev_workspace\gates_fresh\source\gates\gates-common-parent\pom.xml, line 492, column 12
[WARNING] 
[WARNING] Some problems were encountered while building the effective model for com.matson.gates:gates-sp-service-client:jar:04.86.0-SNAPSHOT
[WARNING] 'dependencies.dependency.(groupId:artifactId:type:classifier)' must be unique: javax.transaction:jta:jar -> duplicate declaration of version (?) @ com.matson.gates:gates-common-parent:04.86.0-SNAPSHOT, C:\dev_workspace\gates_fresh\source\gates\gates-common-parent\pom.xml, line 318, column 15
[WARNING] 'dependencyManagement.dependencies.dependency.(groupId:artifactId:type:classifier)' must be unique: javax.transaction:jta:jar -> duplicate declaration of version ${jta-version} @ com.matson.gates:gates:04.86.0-SNAPSHOT, C:\dev_workspace\gates_fresh\source\gates\pom.xml, line 701, column 16
[WARNING] 'build.plugins.plugin.version' for org.apache.maven.plugins:maven-surefire-plugin is missing. @ com.matson.gates:gates-common-parent:04.86.0-SNAPSHOT, C:\dev_workspace\gates_fresh\source\gates\gates-common-parent\pom.xml, line 492, column 12
[WARNING] 
[WARNING] Some problems were encountered while building the effective model for com.matson.gates:gates-sp:pom:04.86.0-SNAPSHOT
[WARNING] 'dependencies.dependency.(groupId:artifactId:type:classifier)' must be unique: javax.transaction:jta:jar -> duplicate declaration of version (?) @ com.matson.gates:gates-common-parent:04.86.0-SNAPSHOT, C:\dev_workspace\gates_fresh\source\gates\gates-common-parent\pom.xml, line 318, column 15
[WARNING] 'dependencyManagement.dependencies.dependency.(groupId:artifactId:type:classifier)' must be unique: javax.transaction:jta:jar -> duplicate declaration of version ${jta-version} @ com.matson.gates:gates:04.86.0-SNAPSHOT, C:\dev_workspace\gates_fresh\source\gates\pom.xml, line 701, column 16
[WARNING] 'build.plugins.plugin.version' for org.apache.maven.plugins:maven-surefire-plugin is missing. @ com.matson.gates:gates-common-parent:04.86.0-SNAPSHOT, C:\dev_workspace\gates_fresh\source\gates\gates-common-parent\pom.xml, line 492, column 12
[WARNING] 
[WARNING] Some problems were encountered while building the effective model for com.matson.gates:gates-bl-service-client:jar:04.86.0-SNAPSHOT
[WARNING] 'dependencies.dependency.(groupId:artifactId:type:classifier)' must be unique: javax.transaction:jta:jar -> duplicate declaration of version (?) @ com.matson.gates:gates-common-parent:04.86.0-SNAPSHOT, C:\dev_workspace\gates_fresh\source\gates\gates-common-parent\pom.xml, line 318, column 15
[WARNING] 'dependencyManagement.dependencies.dependency.(groupId:artifactId:type:classifier)' must be unique: javax.transaction:jta:jar -> duplicate declaration of version ${jta-version} @ com.matson.gates:gates:04.86.0-SNAPSHOT, C:\dev_workspace\gates_fresh\source\gates\pom.xml, line 701, column 16
[WARNING] 'build.plugins.plugin.version' for org.apache.maven.plugins:maven-surefire-plugin is missing. @ com.matson.gates:gates-common-parent:04.86.0-SNAPSHOT, C:\dev_workspace\gates_fresh\source\gates\gates-common-parent\pom.xml, line 492, column 12
[WARNING] 
[WARNING] Some problems were encountered while building the effective model for com.matson.gates:gates-bl-service:jar:04.86.0-SNAPSHOT
[WARNING] 'dependencies.dependency.(groupId:artifactId:type:classifier)' must be unique: javax.transaction:jta:jar -> duplicate declaration of version (?) @ com.matson.gates:gates-common-parent:04.86.0-SNAPSHOT, C:\dev_workspace\gates_fresh\source\gates\gates-common-parent\pom.xml, line 318, column 15
[WARNING] 'dependencyManagement.dependencies.dependency.(groupId:artifactId:type:classifier)' must be unique: javax.transaction:jta:jar -> duplicate declaration of version ${jta-version} @ com.matson.gates:gates:04.86.0-SNAPSHOT, C:\dev_workspace\gates_fresh\source\gates\pom.xml, line 701, column 16
[WARNING] 'build.plugins.plugin.version' for org.apache.maven.plugins:maven-surefire-plugin is missing. @ com.matson.gates:gates-common-parent:04.86.0-SNAPSHOT, C:\dev_workspace\gates_fresh\source\gates\gates-common-parent\pom.xml, line 492, column 12
[WARNING] 
[WARNING] Some problems were encountered while building the effective model for com.matson.gates:gates-bl:pom:04.86.0-SNAPSHOT
[WARNING] 'dependencies.dependency.(groupId:artifactId:type:classifier)' must be unique: javax.transaction:jta:jar -> duplicate declaration of version (?) @ com.matson.gates:gates-common-parent:04.86.0-SNAPSHOT, C:\dev_workspace\gates_fresh\source\gates\gates-common-parent\pom.xml, line 318, column 15
[WARNING] 'dependencyManagement.dependencies.dependency.(groupId:artifactId:type:classifier)' must be unique: javax.transaction:jta:jar -> duplicate declaration of version ${jta-version} @ com.matson.gates:gates:04.86.0-SNAPSHOT, C:\dev_workspace\gates_fresh\source\gates\pom.xml, line 701, column 16
[WARNING] 'build.plugins.plugin.version' for org.apache.maven.plugins:maven-surefire-plugin is missing. @ com.matson.gates:gates-common-parent:04.86.0-SNAPSHOT, C:\dev_workspace\gates_fresh\source\gates\gates-common-parent\pom.xml, line 492, column 12
[WARNING] 
[WARNING] Some problems were encountered while building the effective model for com.matson.gates:gates:pom:04.86.0-SNAPSHOT
[WARNING] 'dependencyManagement.dependencies.dependency.(groupId:artifactId:type:classifier)' must be unique: javax.transaction:jta:jar -> duplicate declaration of version ${jta-version} @ line 701, column 16
[WARNING] 'build.plugins.plugin.version' for org.apache.maven.plugins:maven-surefire-plugin is missing. @ line 972, column 12
[WARNING] 
[WARNING] It is highly recommended to fix these problems because they threaten the stability of your build.
[WARNING] 
[WARNING] For this reason, future Maven versions might no longer support building such malformed projects.
[WARNING] 
[INFO] 
[INFO] Using the MultiThreadedBuilder implementation with a thread count of 4
[INFO]                                                                         
[INFO] ------------------------------------------------------------------------
[INFO] Building gates-interactive-web 04.86.0-SNAPSHOT
[INFO] ------------------------------------------------------------------------
[INFO] 
[INFO] --- maven-jaxb2-plugin:0.8.1:generate (default) @ gates-interactive-web ---
[INFO] Skipped XJC execution. Generated sources were up-to-date.
[INFO] 
[INFO] --- aspectj-maven-plugin:1.2:compile (default) @ gates-interactive-web ---
[INFO] 
[INFO] --- maven-resources-plugin:2.6:resources (default-resources) @ gates-interactive-web ---
[INFO] Using 'UTF-8' encoding to copy filtered resources.
[INFO] Copying 1 resource
[INFO] Copying 15 resources
[INFO] Copying 1 resource
[INFO] 
[INFO] --- maven-compiler-plugin:2.3.2:compile (default-compile) @ gates-interactive-web ---
[INFO] Compiling 1 source file to C:\dev_workspace\gates_fresh\source\gates\gates-interactive-web\target\classes
[INFO] 
[INFO] --- wro4j-maven-plugin:1.7.9:run (js-optimization) @ gates-interactive-web ---
[INFO] Skipping execution.
[INFO] ------------------------------------------------------------------------
[INFO] BUILD SUCCESS
[INFO] ------------------------------------------------------------------------
[INFO] Total time: 33.244 s (Wall Clock)
[INFO] Finished at: 2015-11-05T10:43:55-07:00
[INFO] Final Memory: 46M/356M
[INFO] ------------------------------------------------------------------------
